"[2022-06-14T07:25:35.395Z] INFO - Profile - setUpPhoneService() called
[2022-06-14T07:25:35.469Z] LOG - Group - Creating group: undefined
[2022-06-14T07:25:35.528Z] DEBUG - phoneService - initialize() called with config = {\"phoneNumber\":\"6265077642\",\"legacySipInfo\":{\"id\":96,\"host\":\"prod.tncp.textnow.com\",\"username\":\"16265077642_E1T1XypqixSqXuGJvJAimZlVy1iXuGaXX4O6lbxNjuAE\",\"password\":\"5cb3de40e59adefafb6c6cf05aa513f0\",\"proxy\":\"\",\"stun\":\"\",\"voicemail_url\":\"https://s3.amazonaws.com/TN-Prod-VoicemailGreetings/a4a8febbcc83be95d71a40765f2e3e391dfac47d53f8ad4c1de70a1e1b87187e.wav\",\"client_ip\":\"172.226.2.89\",\"ice_servers\":[{\"endpoint\":\"stun:ice-server.us-east-1.prod.tncp.textnow.com\",\"credential\":{\"expiry\":0,\"username\":\"\",\"password\":\"\"}},{\"endpoint\":\"turn:turn-global.prod.tncp.textnow.com\",\"credential\":{\"username\":\"1656719814:16265077642\",\"password\":\"WsE7SSPX5lVIz0zz/TMEi84Rngo=\",\"expiry\":1656719814}}]},\"sipInfo\":{\"tncp\":{\"credentials\":{\"username\":\"16265077642_E1T1XypqixSqXuGJvJAimZlVy1iXuGaXX4O6lbxNjuAE\",\"password\":\"5cb3de40e59adefafb6c6cf05aa513f0\"},\"endpoints\":[{\"address\":\"udp://prod.tncp.textnow.com:5070\"},{\"address\":\"wss://prod.tncp.textnow.com:443\"}],\"features\":{\"inbound\":false,\"outbound_free\":true,\"outbound_paid\":false}},\"legacy\":{\"credentials\":{\"username\":\"16265077642_E1T1XypqixSqXuGJvJAimZlVy1iXuGaXX4O6lbxNjuAE\",\"password\":\"ccf95eb34f74be773f8a133db70f53fc\"},\"endpoint\":\"enflick.layered.net\",\"features\":{\"inbound\":false,\"outbound_free\":false,\"outbound_paid\":false}}}}
[2022-06-14T07:25:35.528Z] INFO - phoneService - setting up SipJsCallAdapter with config: {\"useWebProxy\":true,\"webProxySubdomain\":\"web1\",\"credentials\":{\"username\":\"16265077642_E1T1XypqixSqXuGJvJAimZlVy1iXuGaXX4O6lbxNjuAE\",\"password\":\"5cb3de40e59adefafb6c6cf05aa513f0\"},\"endpoints\":[\"wss://prod.tncp.textnow.com/\"],\"enabled_for\":{\"outbound_free_enabled\":true,\"outbound_paid_enabled\":true,\"inbound_enabled\":true}}
[2022-06-14T07:25:35.528Z] DEBUG - phoneServiceModule/eventRouter - registerConnectionEvents: registering connection events for sip-js
[2022-06-14T07:25:35.528Z] DEBUG - phoneServiceModule/eventRouter - registerCallingEvents: registering outgoing calling events for sip-js
[2022-06-14T07:25:35.528Z] DEBUG - phoneServiceModule/eventRouter - registerCallingEvents: registering incoming calling events for sip-js
[2022-06-14T07:25:35.528Z] DEBUG - phoneServiceModule/eventRouter - registerCallingEvents: registering calling events for sip-js
[2022-06-14T07:25:35.528Z] DEBUG - SipJsCallAdapter - initialize() called
[2022-06-14T07:25:35.529Z] DEBUG - SipJsCallAdapter - _tryConnecting() called
[2022-06-14T07:25:35.529Z] DEBUG - SipJsCallAdapter - _tryConnecting: starting connection attempt 1
[2022-06-14T07:25:35.531Z] INFO - sip.UserAgent - Configuration:
[2022-06-14T07:25:35.531Z] INFO - sip.UserAgent - · allowLegacyNotifications: false
[2022-06-14T07:25:35.531Z] INFO - sip.UserAgent - · authorizationHa1: \"\"
[2022-06-14T07:25:35.531Z] INFO - sip.UserAgent - · authorizationPassword: NOT SHOWN
[2022-06-14T07:25:35.531Z] INFO - sip.UserAgent - · authorizationUsername: \"16265077642_E1T1XypqixSqXuGJvJAimZlVy1iXuGaXX4O6lbxNjuAE\"
[2022-06-14T07:25:35.531Z] INFO - sip.UserAgent - · autoStart: false
[2022-06-14T07:25:35.531Z] INFO - sip.UserAgent - · autoStop: true
[2022-06-14T07:25:35.531Z] INFO - sip.UserAgent - · delegate: \\
[2022-06-14T07:25:35.532Z] INFO - sip.UserAgent - · contactName: \"\"
[2022-06-14T07:25:35.532Z] INFO - sip.UserAgent - · contactParams: 
[2022-06-14T07:25:35.532Z] INFO - sip.UserAgent - · displayName: \"\"
[2022-06-14T07:25:35.532Z] INFO - sip.UserAgent - · forceRport: false
[2022-06-14T07:25:35.532Z] INFO - sip.UserAgent - · hackAllowUnregisteredOptionTags: false
[2022-06-14T07:25:35.532Z] INFO - sip.UserAgent - · hackIpInContact: false
[2022-06-14T07:25:35.532Z] INFO - sip.UserAgent - · hackViaTcp: false
[2022-06-14T07:25:35.532Z] INFO - sip.UserAgent - · logBuiltinEnabled: false
[2022-06-14T07:25:35.532Z] INFO - sip.UserAgent - · logConfiguration: true
[2022-06-14T07:25:35.532Z] INFO - sip.UserAgent - · logConnector: undefined
[2022-06-14T07:25:35.532Z] INFO - sip.UserAgent - · logLevel: 2
[2022-06-14T07:25:35.532Z] INFO - sip.UserAgent - · noAnswerTimeout: 60
[2022-06-14T07:25:35.532Z] INFO - sip.UserAgent - · preloadedRouteSet: []
[2022-06-14T07:25:35.532Z] INFO - sip.UserAgent - · reconnectionAttempts: 0
[2022-06-14T07:25:35.532Z] INFO - sip.UserAgent - · reconnectionDelay: 4
[2022-06-14T07:25:35.532Z] INFO - sip.UserAgent - · sendInitialProvisionalResponse: true
[2022-06-14T07:25:35.532Z] INFO - sip.UserAgent - · sessionDescriptionHandlerFactory: NOT SHOWN
[2022-06-14T07:25:35.532Z] INFO - sip.UserAgent - · sessionDescriptionHandlerFactoryOptions: },\"modifiers\":[null]}
[2022-06-14T07:25:35.532Z] INFO - sip.UserAgent - · sipExtension100rel: \"Unsupported\"
[2022-06-14T07:25:35.532Z] INFO - sip.UserAgent - · sipExtensionReplaces: \"Unsupported\"
[2022-06-14T07:25:35.532Z] INFO - sip.UserAgent - · sipExtensionExtraSupported: []
[2022-06-14T07:25:35.532Z] INFO - sip.UserAgent - · sipjsId: \"biisa\"
[2022-06-14T07:25:35.532Z] INFO - sip.UserAgent - · transportConstructor: s
[2022-06-14T07:25:35.532Z] INFO - sip.UserAgent - · transportOptions: 
[2022-06-14T07:25:35.532Z] INFO - sip.UserAgent - · uri: NOT SHOWN
[2022-06-14T07:25:35.532Z] INFO - sip.UserAgent - · userAgentString: \"SIP.js/0.20.0\"
[2022-06-14T07:25:35.532Z] INFO - sip.UserAgent - · viaHost: \"ju5on720mrh0.invalid\"
[2022-06-14T07:25:35.532Z] INFO - sip.UserAgent - · register: false
[2022-06-14T07:25:35.532Z] WARN - sip.UserAgent - The transport option \"maxReconnectionAttempts\" as has apparently been specified and has been deprecated. It will no longer be available starting with SIP.js release 0.16.0. Please update accordingly.
[2022-06-14T07:25:35.532Z] WARN - sip.Transport - The transport option \"wsServers\" as has apparently been specified and has been deprecated. It will no longer be available starting with SIP.js release 0.16.0. Please update accordingly.
[2022-06-14T07:25:35.532Z] WARN - sip.Transport - The transport option \"maxReconnectionAttempts\" as has apparently been specified and has been deprecated. It will no longer be available starting with SIP.js release 0.16.0. Please update accordingly.
[2022-06-14T07:25:35.533Z] INFO - sip.UserAgent - Starting sip:16265077642_E1T1XypqixSqXuGJvJAimZlVy1iXuGaXX4O6lbxNjuAE@prod.tncp.textnow.com
[2022-06-14T07:25:35.533Z] INFO - sip.UserAgent - Transitioned from Stopped to Started
[2022-06-14T07:25:35.533Z] INFO - sip.Transport - Connecting wss://web1.prod.tncp.textnow.com/
[2022-06-14T07:25:35.533Z] INFO - sip.Transport - Transitioned from Disconnected to Connecting
[2022-06-14T07:25:35.869Z] INFO - sip.Transport - WebSocket opened wss://web1.prod.tncp.textnow.com/
[2022-06-14T07:25:35.869Z] INFO - sip.Transport - Transitioned from Connecting to Connected
[2022-06-14T07:25:35.869Z] INFO - SipJsCallAdapter - _tryConnecting: sipjs user agent transport connected
[2022-06-14T07:25:35.869Z] DEBUG - SipJsCallAdapter - _register()
[2022-06-14T07:25:35.871Z] INFO - sip.Registerer - Configuration:
[2022-06-14T07:25:35.871Z] INFO - sip.Registerer - · expires: 600
[2022-06-14T07:25:35.871Z] INFO - sip.Registerer - · extraContactHeaderParams: []
[2022-06-14T07:25:35.871Z] INFO - sip.Registerer - · extraHeaders: []
[2022-06-14T07:25:35.871Z] INFO - sip.Registerer - · logConfiguration: true
[2022-06-14T07:25:35.871Z] INFO - sip.Registerer - · instanceId: \"07b9d122-9f31-47d0-bd30-eff0a10a3e6e\"
[2022-06-14T07:25:35.871Z] INFO - sip.Registerer - · params: \\
[2022-06-14T07:25:35.871Z] INFO - sip.Registerer - · regId: 1
[2022-06-14T07:25:35.871Z] INFO - sip.Registerer - · registrar: sip:prod.tncp.textnow.com
[2022-06-14T07:25:35.871Z] INFO - sip.Registerer - · refreshFrequency: 99
[2022-06-14T07:25:35.871Z] INFO - sip.Registerer - Waiting toggled to true
[2022-06-14T07:25:35.871Z] DEBUG - sip.transaction.nict - Constructing non-INVITE client transaction with id z9hG4bK9067973.
[2022-06-14T07:25:35.871Z] INFO - sip.Transport - Sending WebSocket message:

REGISTER sip:prod.tncp.textnow.com SIP/2.0\r
Via: SIP/2.0/WSS ju5on720mrh0.invalid;branch=z9hG4bK9067973\r
To: <sip:16265077642_E1T1XypqixSqXuGJvJAimZlVy1iXuGaXX4O6lbxNjuAE@prod.tncp.textnow.com>\r
From: <sip:16265077642_E1T1XypqixSqXuGJvJAimZlVy1iXuGaXX4O6lbxNjuAE@prod.tncp.textnow.com>;tag=0k5lcngsgc\r
CSeq: 2 REGISTER\r
Call-ID: biisaha09oqvba5cltgf\r
Max-Forwards: 70\r
Contact: <sip:pm3t65lm@ju5on720mrh0.invalid;transport=ws>;reg-id=1;+sip.instance=\"<urn:uuid:07b9d122-9f31-47d0-bd30-eff0a10a3e6e>\";expires=600\r
Allow: ACK,CANCEL,INVITE,MESSAGE,BYE,OPTIONS,INFO,NOTIFY,REFER\r
Supported: outbound, path, gruu\r
User-Agent: SIP.js/0.20.0\r
Content-Length: 0\r
\r


[2022-06-14T07:25:35.871Z] LOG - SipJsCallAdapter - Sent request = [object Object]
[2022-06-14T07:25:35.871Z] LOG - SipJsCallAdapter - User Agent: Started
[2022-06-14T07:25:35.953Z] INFO - sip.Transport - Received WebSocket text message:

SIP/2.0 401 Unauthorized\r
Via: SIP/2.0/WSS ju5on720mrh0.invalid;rport=31072;received=10.241.49.58;branch=z9hG4bK9067973\r
To: <sip:16265077642_E1T1XypqixSqXuGJvJAimZlVy1iXuGaXX4O6lbxNjuAE@prod.tncp.textnow.com>;tag=bddf01204f7ddc64078da14557abcaf7.ee4d0000\r
From: <sip:16265077642_E1T1XypqixSqXuGJvJAimZlVy1iXuGaXX4O6lbxNjuAE@prod.tncp.textnow.com>;tag=0k5lcngsgc\r
CSeq: 2 REGISTER\r
Call-ID: biisaha09oqvba5cltgf\r
WWW-Authenticate: Digest realm=\"prod.tncp.textnow.com\", nonce=\"Yqg5G2KoN++3uvEG4GhMORK3dmn4C8vy\"\r
Server: sip-registrar2.tncp\r
Content-Length: 0\r
\r


[2022-06-14T07:25:35.961Z] DEBUG - sip.transaction.nict - State change to \"Completed\" on non-INVITE client transaction with id z9hG4bK9067973.
[2022-06-14T07:25:35.962Z] DEBUG - sip.transaction.nict - Constructing non-INVITE client transaction with id z9hG4bK2502832.
[2022-06-14T07:25:35.962Z] INFO - sip.Transport - Sending WebSocket message:

REGISTER sip:prod.tncp.textnow.com SIP/2.0\r
Via: SIP/2.0/WSS ju5on720mrh0.invalid;branch=z9hG4bK2502832\r
To: <sip:16265077642_E1T1XypqixSqXuGJvJAimZlVy1iXuGaXX4O6lbxNjuAE@prod.tncp.textnow.com>\r
From: <sip:16265077642_E1T1XypqixSqXuGJvJAimZlVy1iXuGaXX4O6lbxNjuAE@prod.tncp.textnow.com>;tag=0k5lcngsgc\r
CSeq: 3 REGISTER\r
Call-ID: biisaha09oqvba5cltgf\r
Max-Forwards: 70\r
Authorization: Digest algorithm=MD5, username=\"16265077642_E1T1XypqixSqXuGJvJAimZlVy1iXuGaXX4O6lbxNjuAE\", realm=\"prod.tncp.textnow.com\", nonce=\"Yqg5G2KoN++3uvEG4GhMORK3dmn4C8vy\", uri=\"sip:prod.tncp.textnow.com\", response=\"caa2a04e83c1d3f1d46ba9c278b02bfa\"\r
Contact: <sip:pm3t65lm@ju5on720mrh0.invalid;transport=ws>;reg-id=1;+sip.instance=\"<urn:uuid:07b9d122-9f31-47d0-bd30-eff0a10a3e6e>\";expires=600\r
Allow: ACK,CANCEL,INVITE,MESSAGE,BYE,OPTIONS,INFO,NOTIFY,REFER\r
Supported: outbound, path, gruu\r
User-Agent: SIP.js/0.20.0\r
Content-Length: 0\r
\r


[2022-06-14T07:25:35.962Z] DEBUG - sip.transaction.nict - Destroyed non-INVITE client transaction with id z9hG4bK9067973.
[2022-06-14T07:25:35.962Z] DEBUG - sip.transaction.nict - State change to \"Terminated\" on non-INVITE client transaction with id z9hG4bK9067973.
[2022-06-14T07:25:35.964Z] LOG - Group - Creating group: null
[2022-06-14T07:25:35.964Z] LOG - Group - Creating group: null
[2022-06-14T07:25:35.964Z] LOG - Group - Creating group: null
[2022-06-14T07:25:35.965Z] LOG - Group - Creating group: null
[2022-06-14T07:25:35.965Z] LOG - Group - Creating group: null
[2022-06-14T07:25:35.966Z] LOG - Group - Creating group: null
[2022-06-14T07:25:35.966Z] LOG - Group - Creating group: null
[2022-06-14T07:25:35.966Z] LOG - Group - Creating group: null
[2022-06-14T07:25:35.967Z] LOG - Group - Creating group: null
[2022-06-14T07:25:35.967Z] LOG - Group - Creating group: null
[2022-06-14T07:25:35.967Z] LOG - Group - Creating group: null
[2022-06-14T07:25:35.976Z] LOG - BadgeService - Setting badge val: 0
[2022-06-14T07:25:36.244Z] DEBUG - punt - Punt start succeeded
[2022-06-14T07:25:36.353Z] INFO - sip.Transport - Received WebSocket text message:

SIP/2.0 200 OK\r
Via: SIP/2.0/WSS ju5on720mrh0.invalid;rport=31072;received=10.241.49.58;branch=z9hG4bK2502832\r
To: <sip:16265077642_E1T1XypqixSqXuGJvJAimZlVy1iXuGaXX4O6lbxNjuAE@prod.tncp.textnow.com>;tag=bddf01204f7ddc64078da14557abcaf7.ee4d0000\r
From: <sip:16265077642_E1T1XypqixSqXuGJvJAimZlVy1iXuGaXX4O6lbxNjuAE@prod.tncp.textnow.com>;tag=0k5lcngsgc\r
CSeq: 3 REGISTER\r
Call-ID: biisaha09oqvba5cltgf\r
Contact: <sip:pm3t65lm@ju5on720mrh0.invalid;transport=ws>;expires=448;pub-gruu=\"sip:16265077642@prod.tncp.textnow.com;gr=urn:uuid:07b9d122-9f31-47d0-bd30-eff0a10a3e6e\";temp-gruu=\"sip:uloc-624cc868-5a1f-8d5239-5528f55b@prod.tncp.textnow.com;gr\";+sip.instance=\"<urn:uuid:07b9d122-9f31-47d0-bd30-eff0a10a3e6e>\";reg-id=1\r
Path: <sip:eWR8gJbwVstJQQUK8SEhH5AK8TE6eWA=@10.241.33.33;lr;ob>\r
Supported: outbound\r
Require: outbound\r
Server: sip-registrar2.tncp\r
Content-Length: 0\r
\r


[2022-06-14T07:25:36.358Z] DEBUG - sip.transaction.nict - State change to \"Completed\" on non-INVITE client transaction with id z9hG4bK2502832.
[2022-06-14T07:25:36.359Z] INFO - sip.Registerer - Registration transitioned to state Registered
[2022-06-14T07:25:36.359Z] DEBUG - phoneServiceModule/eventRouter - registerConnectionEvents: event received: phone-service-ready, adapter: sip-js
[2022-06-14T07:25:36.359Z] INFO - sip.Registerer - Waiting toggled to false
[2022-06-14T07:25:36.457Z] DEBUG - permissionService - handleMicrophoneAccessDenied()
[2022-06-14T07:25:36.458Z] DEBUG - phoneServiceModule/eventRouter - setServiceState(disabled-no-audio)
[2022-06-14T07:25:36.488Z] DEBUG - punt - Punt did succeed
[2022-06-14T07:25:36.488Z] DEBUG - sip.transaction.nict - Destroyed non-INVITE client transaction with id z9hG4bK2502832.
[2022-06-14T07:25:36.488Z] DEBUG - sip.transaction.nict - State change to \"Terminated\" on non-INVITE client transaction with id z9hG4bK2502832.
[2022-06-14T07:25:36.488Z] DEBUG - sip.transaction.nict - Destroyed non-INVITE client transaction with id z9hG4bK2502832."